  VIBuffer.cpp
  Triangle.cpp
  Transform.cpp
  TimeManager.cpp
  Texture.cpp
  Text.cpp
  Terrain.cpp
  SystemManager.cpp
  SystemInfo.cpp
  StateControl.cpp
  SphereCollider.cpp
  Sphere.cpp
  Shader.cpp
  SceneManager.cpp
  Scene.cpp
  Rigidbody.cpp
  ResourceManager.cpp
  RenderTarget.cpp
  RenderManager.cpp
  QuadNoneNormal.cpp
  코드를 생성하고 있습니다...
  컴파일하고 있습니다...
  Quad.cpp
  PrototypeManager.cpp
  Plane.cpp
  ParticleRenderer.cpp
  Particle.cpp
  ObjMesh.cpp
  ObjectManager.cpp
  Nalmak_DirectXMath.cpp
  MeshRenderer.cpp
  Material.cpp
  LineVI.cpp
  LineManager.cpp
  IState.cpp
  IResource.cpp
  IRenderer.cpp
  InputManager.cpp
  ICycle.cpp
  Grid.cpp
  GameObject.cpp
  FreeMove.cpp
  코드를 생성하고 있습니다...
  컴파일하고 있습니다...
  FileIO.cpp
  Exception.cpp
  EventHandler.cpp
  Event.cpp
  DynamicInstanceBuffer.cpp
  DrawGizmo.cpp
  DeviceManager.cpp
  DebugManager.cpp
  CubeTexture.cpp
  CubeMap.cpp
  Core.cpp
  Component.cpp
  CollisionManager.cpp
  Collision.cpp
  Collider.cpp
  Camera.cpp
  Button.cpp
  Box.cpp
  BitFlag.cpp
  Bezier.cpp
  코드를 생성하고 있습니다...
  컴파일하고 있습니다...
  Animator.cpp
  Nalmak_String.cpp
  코드를 생성하고 있습니다...
     ../Bin/Nalmak3D_Engine.lib 라이브러리 및 ../Bin/Nalmak3D_Engine.exp 개체를 생성하고 있습니다.
  Nalmak3DEngine.vcxproj -> C:\Users\82108\Documents\Nalmak_SR\Engine\Common\../Bin/Nalmak3D_Engine.dll
  Nalmak3DEngine.vcxproj -> ../Bin/Nalmak3D_Engine.pdb (Full PDB)
  ..\Include\Animator.h
  ..\Include\Bezier.h
  ..\Include\BitFlag.h
  ..\Include\Box.h
  ..\Include\Button.h
  ..\Include\Camera.h
  ..\Include\Collider.h
  ..\Include\Collision.h
  ..\Include\CollisionManager.h
  ..\Include\Component.h
  ..\Include\Core.h
  ..\Include\CubeMap.h
  ..\Include\CubeTexture.h
  ..\Include\DebugManager.h
  ..\Include\DeviceManager.h
  ..\Include\DrawGizmo.h
  ..\Include\DynamicInstanceBuffer.h
  ..\Include\Event.h
  ..\Include\EventHandler.h
  ..\Include\Exception.h
  ..\Include\FileIO.h
  ..\Include\FreeMove.h
  ..\Include\GameObject.h
  ..\Include\Grid.h
  ..\Include\ICycle.h
  ..\Include\InputManager.h
  ..\Include\IRenderer.h
  ..\Include\IResource.h
  ..\Include\IState.h
  ..\Include\LineManager.h
  ..\Include\LineVI.h
  ..\Include\Material.h
  ..\Include\MeshRenderer.h
  ..\Include\MessageProc.h
  ..\Include\Nalmak_Define.h
  ..\Include\Nalmak_DirectXMath.h
  ..\Include\Nalmak_Enum.h
  ..\Include\Nalmak_Extern.h
  ..\Include\Nalmak_Include.h
  ..\Include\Nalmak_Math.h
  ..\Include\Nalmak_String.h
  ..\Include\Nalmak_Struct.h
  ..\Include\Nalmak_Typedef.h
  ..\Include\ObjectManager.h
  ..\Include\ObjMesh.h
  ..\Include\Particle.h
  ..\Include\ParticleRenderer.h
  ..\Include\Plane.h
  ..\Include\PrototypeManager.h
  ..\Include\Quad.h
  ..\Include\QuadNoneNormal.h
  ..\Include\RenderManager.h
  ..\Include\RenderTarget.h
  ..\Include\ResourceManager.h
  ..\Include\Rigidbody.h
  ..\Include\Scene.h
  ..\Include\SceneManager.h
  ..\Include\Shader.h
  ..\Include\Sphere.h
  ..\Include\SphereCollider.h
  ..\Include\StateControl.h
  ..\Include\SystemInfo.h
  ..\Include\SystemManager.h
  ..\Include\Terrain.h
  ..\Include\TestVI.h
  ..\Include\Tex2D.h
  ..\Include\Text.h
  ..\Include\Texture.h
  ..\Include\TimeManager.h
  ..\Include\Transform.h
  ..\Include\Triangle.h
  ..\Include\VIBuffer.h
  72개 파일이 복사되었습니다.
  ..\Bin\Nalmak3D_Engine.dll
  1개 파일이 복사되었습니다.
  ..\Bin\Nalmak3D_Engine.dll
  1개 파일이 복사되었습니다.
  ..\Bin\Nalmak3D_Engine.dll
  1개 파일이 복사되었습니다.
  ..\Bin\Nalmak3D_Engine.dll
  1개 파일이 복사되었습니다.
  ..\Bin\Nalmak3D_Engine.lib
  1개 파일이 복사되었습니다.
  ..\Bin\Nalmak3D_Engine.dll
  1개 파일이 복사되었습니다.
  ..\Bin\Nalmak3D_Engine.lib
  1개 파일이 복사되었습니다.
  ..\Include\Animator.h
  ..\Include\Bezier.h
  ..\Include\BitFlag.h
  ..\Include\Box.h
  ..\Include\Button.h
  ..\Include\Camera.h
  ..\Include\Collider.h
  ..\Include\Collision.h
  ..\Include\CollisionManager.h
  ..\Include\Component.h
  ..\Include\Core.h
  ..\Include\CubeMap.h
  ..\Include\CubeTexture.h
  ..\Include\DebugManager.h
  ..\Include\DeviceManager.h
  ..\Include\DrawGizmo.h
  ..\Include\DynamicInstanceBuffer.h
  ..\Include\Event.h
  ..\Include\EventHandler.h
  ..\Include\Exception.h
  ..\Include\FileIO.h
  ..\Include\FreeMove.h
  ..\Include\GameObject.h
  ..\Include\Grid.h
  ..\Include\ICycle.h
  ..\Include\InputManager.h
  ..\Include\IRenderer.h
  ..\Include\IResource.h
  ..\Include\IState.h
  ..\Include\LineManager.h
  ..\Include\LineVI.h
  ..\Include\Material.h
  ..\Include\MeshRenderer.h
  ..\Include\MessageProc.h
  ..\Include\Nalmak_Define.h
  ..\Include\Nalmak_DirectXMath.h
  ..\Include\Nalmak_Enum.h
  ..\Include\Nalmak_Extern.h
  ..\Include\Nalmak_Include.h
  ..\Include\Nalmak_Math.h
  ..\Include\Nalmak_String.h
  ..\Include\Nalmak_Struct.h
  ..\Include\Nalmak_Typedef.h
  ..\Include\ObjectManager.h
  ..\Include\ObjMesh.h
  ..\Include\Particle.h
  ..\Include\ParticleRenderer.h
  ..\Include\Plane.h
  ..\Include\PrototypeManager.h
  ..\Include\Quad.h
  ..\Include\QuadNoneNormal.h
  ..\Include\RenderManager.h
  ..\Include\RenderTarget.h
  ..\Include\ResourceManager.h
  ..\Include\Rigidbody.h
  ..\Include\Scene.h
  ..\Include\SceneManager.h
  ..\Include\Shader.h
  ..\Include\Sphere.h
  ..\Include\SphereCollider.h
  ..\Include\StateControl.h
  ..\Include\SystemInfo.h
  ..\Include\SystemManager.h
  ..\Include\Terrain.h
  ..\Include\TestVI.h
  ..\Include\Tex2D.h
  ..\Include\Text.h
  ..\Include\Texture.h
  ..\Include\TimeManager.h
  ..\Include\Transform.h
  ..\Include\Triangle.h
  ..\Include\VIBuffer.h
  72개 파일이 복사되었습니다.
